[debug] [2022-01-27T12:57:46.395Z] ----------------------------------------------------------------------
[debug] [2022-01-27T12:57:46.397Z] Command:       C:\Program Files\nodejs\node.exe C:\Users\asus\AppData\Roaming\npm\node_modules\firebase-tools\lib\bin\firebase.js init
[debug] [2022-01-27T12:57:46.398Z] CLI Version:   10.1.2
[debug] [2022-01-27T12:57:46.398Z] Platform:      win32
[debug] [2022-01-27T12:57:46.398Z] Node Version:  v16.10.0
[debug] [2022-01-27T12:57:46.399Z] Time:          Thu Jan 27 2022 18:27:46 GMT+0530 (India Standard Time)
[debug] [2022-01-27T12:57:46.399Z] ----------------------------------------------------------------------
[debug] 
[debug] [2022-01-27T12:57:46.401Z] >>> [apiv2][query] GET https://firebase-public.firebaseio.com/cli.json [none]
[debug] [2022-01-27T12:57:46.424Z] > command requires scopes: ["email","openid","https://www.googleapis.com/auth/cloudplatformprojects.readonly","https://www.googleapis.com/auth/firebase","https://www.googleapis.com/auth/cloud-platform"]
[debug] [2022-01-27T12:57:46.425Z] > authorizing via signed-in user (akhilrajktt@gmail.com)
[info] 
     ######## #### ########  ######## ########     ###     ######  ########
     ##        ##  ##     ## ##       ##     ##  ##   ##  ##       ##
     ######    ##  ########  ######   ########  #########  ######  ######
     ##        ##  ##    ##  ##       ##     ## ##     ##       ## ##
     ##       #### ##     ## ######## ########  ##     ##  ######  ########

You're about to initialize a Firebase project in this directory:

  C:\Users\asus\Desktop\Resume\resume-client

[debug] [2022-01-27T12:57:47.337Z] <<< [apiv2][status] GET https://firebase-public.firebaseio.com/cli.json 200
[debug] [2022-01-27T12:57:47.338Z] <<< [apiv2][body] GET https://firebase-public.firebaseio.com/cli.json {"cloudBuildErrorAfter":1594252800000,"cloudBuildWarnAfter":1590019200000,"defaultNode10After":1594252800000,"minVersion":"3.0.5","node8DeploysDisabledAfter":1613390400000,"node8RuntimeDisabledAfter":1615809600000,"node8WarnAfter":1600128000000}
